0.000000
-43.478076
43.403298
-51.149640
3.753276
-25.732922
-31.726464
-5.848544
11.065530
27.707982
-55.300988
2.221475
-50.313560
-60.676324
-26.188740
-26.968428
-1.890262
31.327636
35.840408
-6.040032
-92.372288
-9.453064
-41.346268
7.909536
-46.045557
2.513095
-0.759400
-14.281157
-16.159304
27.786746
58.136259
37.498631
29.886392
-21.664406
-26.810434
-3.535325
28.913040
45.445232
67.936819
-22.906162
-4.251105
73.013456
51.946875
40.905570
63.613568
-63.495333
-28.436362
21.421217
41.970199
-65.671447
-16.156107
11.853423
4.554721
50.269463
-65.202185
16.823659
-56.498093
-29.725029
-13.199684
37.201961
42.833437
-78.180974
5.753916
3.781393
-16.460546
-42.610175
-26.198576
-91.782650
6.883033
-13.002435
67.021928
36.340533
-51.761874
101.620542
16.699987
82.324282
30.534767
8.639220
15.601628
-46.352338
31.078469
35.962141
12.482934
26.781360
-35.186673
-59.130361
9.746480
-2.297895
45.678032
82.929505
-26.044946
-7.530971
-29.442230
-66.904194
-27.065340
-69.653755
-21.633264
7.331885
1.259433
40.927726
-32.492349
6.945858
-20.395313
21.867949
-3.925548
6.725115
44.477150
-15.650230
32.701073
-36.770523
-46.993505
21.609440
53.069300
17.526475
2.679258
-20.910512
47.259865
-6.345744
-15.443759
19.556215
-25.814236
44.047547
-12.056469
-7.230559
3.910260
-10.922858
17.529933
22.181257
4.901178
-34.955267
28.700124
10.352864
-33.165802
18.236081
-18.324488
-32.517832
7.302414
-18.324137
22.694501
-20.333669
-4.325496
31.699747
-26.909873
-23.613202
7.289528
13.258282
41.899725
-31.374905
-31.231580
15.627721
-1.836772
21.968459
-27.698473
-4.189712
-4.299503
19.485421
6.470147
-9.818553
13.947587
-6.594835
4.720688
7.046181
17.558599
4.712111
-56.218393
-15.127156
-14.942502
-10.843167
-1.472868
0.771432
-1.344169
35.112016
-26.330887
-20.812284
10.346044
-15.211319
23.819724
10.658031
2.555837
-15.899608
-2.457981
3.081194
2.760087
-15.709927
18.661372
-9.584783
37.516215
25.363492
13.446982
28.566558
-13.220519
0.359058
14.981647
-14.474742
5.967139
-18.786551
-0.563260
1.285779
-8.437871
22.067781
-27.208571
14.858616
2.868409
-17.585672
-7.182165
-9.990082
12.878791
-11.200894
-10.013991
13.424987
16.842719
-21.964369
-24.502692
13.032718
-10.583624
11.217383
6.009562
-11.272351
-12.328193
12.639111
-7.906093
1.958220
10.875878
-2.937978
-17.382609
3.347286
30.319159
20.942985
12.569031
-3.781631
14.891449
8.913358
2.453120
2.613488
-15.695048
-2.056170
-25.585715
-5.001705
15.767787
-4.369981
-0.313709
12.945281
1.695483
-3.663265
-5.817797
3.125984
-23.851503
-2.629993
-5.679994
7.258123
-16.673258
-12.648485
22.324586
-23.693277
-4.333772
-14.957136
-0.482162
-22.755966
19.328712
4.458100
5.488840
-19.627228
14.540492
0.504664
-9.138378
0.865274
1.283682
6.958873
-5.290927
-2.322993
7.673681
0.781876
-14.952363
-5.786061
3.363818
6.212793
1.574878
0.293149
-1.043676
13.951524
-8.434616
6.070703
-0.637897
4.768885
-17.017836
2.567204
-11.844796
-0.616885
-9.732361
8.621964
3.927811
-16.393403
4.707053
5.251015
1.472146
-5.087571
0.619720
12.504644
-0.052819
1.920416
17.015944
-2.554099
-6.876489
-6.911149
1.986411
-7.932311
3.702791
4.855731
-7.374218
-1.823824
6.027542
2.228356
-2.268580
-8.887748
12.373353
9.253509
9.011302
-4.360805
4.568107
1.662286
-0.660861
7.224107
-11.013877
-6.291284
-0.623488
8.686944
2.412462
-4.266904
-0.241929
18.758351
16.189682
2.873099
-7.581120
-0.992028
11.907213
0.666427
-6.665784
-2.676529
-11.775862
0.164434
6.560058
-2.512378
-7.616750
-4.943860
4.319040
2.096555
-6.206402
-3.054973
-6.786830
0.375263
-4.753204
-4.253233
5.634318
-16.578542
-7.688169
13.047379
-4.751367
-0.052538
-2.277780
-3.128364
2.171290
3.757122
7.090652
-16.309614
2.465995
5.500415
8.965563
5.096096
-2.155236
1.646474
-0.206800
-5.903499
6.622055
-6.027219
-3.517551
2.509593
-2.918452
-2.199041
-3.695277
-8.444990
2.380490
4.624779
3.982026
5.707714
-7.608704
3.868384
6.594155
-1.895394
-10.413401
8.276140
-0.549603
-4.135052
3.310675
-3.395987
8.775671
2.802298
-1.828845
16.476313
-10.054830
-7.104016
6.024194
7.755946
-1.346117
-2.109502
-9.763899
2.996120
6.322433
-4.867996
1.666009
-2.278027
-6.494394
-2.172428
8.980840
-4.767795
-10.304680
3.174590
5.541515
2.989866
0.486904
-2.840170
-2.092751
-3.911569
-2.142566
-5.274010
1.784314
-5.399112
7.273695
2.602794
0.048668
-7.150668
-2.188679
6.035496
-4.929713
-0.174391
5.680588
12.060454
-4.689966
-11.520651
-0.589537
-0.722558
-0.283812
2.258898
4.311286
-5.832364
1.666029
5.168705
3.409416
-8.687767
-1.791570
8.992341
-1.605118
3.888894
-2.734000
4.139510
-0.331204
-2.577105
1.334329
2.663268
-9.834942
-10.084788
9.933511
0.056556
-5.933797
-3.858536
8.427204
10.696881
-2.321061
-0.432009
-11.513264
-0.717227
0.231209
11.262191
-3.561306
-7.878540
-4.339311
6.055716
11.464961
-4.192563
-4.710704
4.890530
5.339043
1.926022
8.775211
-0.413296
-4.043005
6.512371
1.698029
3.942688
4.046836
-9.775083
5.469422
-7.076539
6.059721
-9.867994
-4.508208
-3.098540
-1.892556
-9.154701
0.780945
9.385112
6.987247
-8.450462
4.920471
10.860039
