0.000000
0.002094
0.004189
0.006283
0.008378
0.010472
0.012566
0.014661
0.016755
0.018850
0.020944
0.023038
0.025133
0.027227
0.029322
0.031416
0.033510
0.035605
0.037699
0.039794
0.041888
0.043982
0.046077
0.048171
0.050265
0.052360
0.054454
0.056549
0.058643
0.060737
0.062832
0.064926
0.067021
0.069115
0.071209
0.073304
0.075398
0.077493
0.079587
0.081681
0.083776
0.085870
0.087965
0.090059
0.092153
0.094248
0.096342
0.098437
0.100531
0.102625
0.104720
0.106814
0.108909
0.111003
0.113097
0.115192
0.117286
0.119381
0.121475
0.123569
0.125664
0.127758
0.129852
0.131947
0.134041
0.136136
0.138230
0.140324
0.142419
0.144513
0.146608
0.148702
0.150796
0.152891
0.154985
0.157080
0.159174
0.161268
0.163363
0.165457
0.167552
0.169646
0.171740
0.173835
0.175929
0.178024
0.180118
0.182212
0.184307
0.186401
0.188496
0.190590
0.192684
0.194779
0.196873
0.198968
0.201062
0.203156
0.205251
0.207345
0.209440
0.211534
0.213628
0.215723
0.217817
0.219911
0.222006
0.224100
0.226195
0.228289
0.230383
0.232478
0.234572
0.236667
0.238761
0.240855
0.242950
0.245044
0.247139
0.249233
0.251327
0.253422
0.255516
0.257611
0.259705
0.261799
0.263894
0.265988
0.268083
0.270177
0.272271
0.274366
0.276460
0.278555
0.280649
0.282743
0.284838
0.286932
0.289027
0.291121
0.293215
0.295310
0.297404
0.299498
0.301593
0.303687
0.305782
0.307876
0.309970
0.312065
0.314159
0.316254
0.318348
0.320442
0.322537
0.324631
0.326726
0.328820
0.330914
0.333009
0.335103
0.337198
0.339292
0.341386
0.343481
0.345575
0.347670
0.349764
0.351858
0.353953
0.356047
0.358142
0.360236
0.362330
0.364425
0.366519
0.368614
0.370708
0.372802
0.374897
0.376991
0.379086
0.381180
0.383274
0.385369
0.387463
0.389557
0.391652
0.393746
0.395841
0.397935
0.400029
0.402124
0.404218
0.406313
0.408407
0.410501
0.412596
0.414690
0.416785
0.418879
0.420973
0.423068
0.425162
0.427257
0.429351
0.431445
0.433540
0.435634
0.437729
0.439823
0.441917
0.444012
0.446106
0.448201
0.450295
0.452389
0.454484
0.456578
0.458673
0.460767
0.462861
0.464956
0.467050
0.469145
0.471239
0.473333
0.475428
0.477522
0.479616
0.481711
0.483805
0.485900
0.487994
0.490088
0.492183
0.494277
0.496372
0.498466
0.500560
0.502655
0.504749
0.506844
0.508938
0.511032
0.513127
0.515221
0.517316
0.519410
0.521504
0.523599
0.525693
0.527788
0.529882
0.531976
0.534071
0.536165
0.538260
0.540354
0.542448
0.544543
0.546637
0.548732
0.550826
0.552920
0.555015
0.557109
0.559203
0.561298
0.563392
0.565487
0.567581
0.569675
0.571770
0.573864
0.575959
0.578053
0.580147
0.582242
0.584336
0.586431
0.588525
0.590619
0.592714
0.594808
0.596903
0.598997
0.601091
0.603186
0.605280
0.607375
0.609469
0.611563
0.613658
0.615752
0.617847
0.619941
0.622035
0.624130
0.626224
0.628319
0.630413
0.632507
0.634602
0.636696
0.638791
0.640885
0.642979
0.645074
0.647168
0.649262
0.651357
0.653451
0.655546
0.657640
0.659734
0.661829
0.663923
0.666018
0.668112
0.670206
0.672301
0.674395
0.676490
0.678584
0.680678
0.682773
0.684867
0.686962
0.689056
0.691150
0.693245
0.695339
0.697434
0.699528
0.701622
0.703717
0.705811
0.707906
0.710000
0.712094
0.714189
0.716283
0.718378
0.720472
0.722566
0.724661
0.726755
0.728849
0.730944
0.733038
0.735133
0.737227
0.739321
0.741416
0.743510
0.745605
0.747699
0.749793
0.751888
0.753982
0.756077
0.758171
0.760265
0.762360
0.764454
0.766549
0.768643
0.770737
0.772832
0.774926
0.777021
0.779115
0.781209
0.783304
0.785398
0.787493
0.789587
0.791681
0.793776
0.795870
0.797965
0.800059
0.802153
0.804248
0.806342
0.808437
0.810531
0.812625
0.814720
0.816814
0.818908
0.821003
0.823097
0.825192
0.827286
0.829380
0.831475
0.833569
0.835664
0.837758
0.839852
0.841947
0.844041
0.846136
0.848230
0.850324
0.852419
0.854513
0.856608
0.858702
0.860796
0.862891
0.864985
0.867080
0.869174
0.871268
0.873363
0.875457
0.877552
0.879646
0.881740
0.883835
0.885929
0.888024
0.890118
0.892212
0.894307
0.896401
0.898495
0.900590
0.902684
0.904779
0.906873
0.908967
0.911062
0.913156
0.915251
0.917345
0.919439
0.921534
0.923628
0.925723
0.927817
0.929911
0.932006
0.934100
0.936195
0.938289
0.940383
0.942478
0.944572
0.946667
0.948761
0.950855
0.952950
0.955044
0.957139
0.959233
0.961327
0.963422
0.965516
0.967611
0.969705
0.971799
0.973894
0.975988
0.978083
0.980177
0.982271
0.984366
0.986460
0.988554
0.990649
0.992743
0.994838
0.996932
0.999026
1.001121
1.003215
1.005310
1.007404
1.009498
1.011593
1.013687
1.015782
1.017876
1.019970
1.022065
1.024159
1.026254
1.028348
1.030442
1.032537
1.034631
1.036726
1.038820
1.040914
1.043009
1.045103
1.047198
1.049292
1.051386
1.053481
1.055575
1.057670
1.059764
1.061858
1.063953
1.066047
1.068142
1.070236
1.072330
1.074425
1.076519
1.078613
1.080708
1.082802
1.084897
1.086991
1.089085
1.091180
1.093274
1.095369
1.097463
1.099557
1.101652
1.103746
1.105841
1.107935
1.110029
1.112124
1.114218
1.116313
1.118407
1.120501
1.122596
1.124690
1.126785
1.128879
1.130973
1.133068
1.135162
1.137257
1.139351
1.141445
1.143540
1.145634
1.147729
1.149823
1.151917
1.154012
1.156106
1.158200
1.160295
1.162389
1.164484
1.166578
1.168672
1.170767
1.172861
1.174956
1.177050
1.179144
1.181239
1.183333
1.185428
1.187522
1.189616
1.191711
1.193805
1.195900
1.197994
1.200088
1.202183
1.204277
1.206372
1.208466
1.210560
1.212655
1.214749
1.216844
1.218938
1.221032
1.223127
1.225221
1.227316
1.229410
1.231504
1.233599
1.235693
1.237788
1.239882
1.241976
1.244071
1.246165
1.248259
1.250354
1.252448
1.254543
1.256637
1.258731
1.260826
1.262920
1.265015
1.267109
1.269203
1.271298
1.273392
1.275487
1.277581
1.279675
1.281770
1.283864
1.285959
1.288053
1.290147
1.292242
1.294336
1.296431
1.298525
1.300619
1.302714
1.304808
1.306903
1.308997
1.311091
1.313186
1.315280
1.317375
1.319469
1.321563
1.323658
1.325752
1.327846
1.329941
1.332035
1.334130
1.336224
1.338318
1.340413
1.342507
1.344602
1.346696
1.348790
1.350885
1.352979
1.355074
1.357168
1.359262
1.361357
1.363451
1.365546
1.367640
1.369734
1.371829
1.373923
1.376018
1.378112
1.380206
1.382301
1.384395
1.386490
1.388584
1.390678
1.392773
1.394867
1.396962
1.399056
1.401150
1.403245
1.405339
1.407434
1.409528
1.411622
1.413717
1.415811
1.417905
1.420000
1.422094
1.424189
1.426283
1.428377
1.430472
1.432566
1.434661
1.436755
1.438849
1.440944
1.443038
1.445133
1.447227
1.449321
1.451416
1.453510
1.455605
1.457699
1.459793
1.461888
1.463982
1.466077
1.468171
1.470265
1.472360
1.474454
1.476549
1.478643
1.480737
1.482832
1.484926
1.487021
1.489115
1.491209
1.493304
1.495398
1.497492
1.499587
1.501681
1.503776
1.505870
1.507964
1.510059
1.512153
1.514248
1.516342
1.518436
1.520531
1.522625
1.524720
1.526814
1.528908
1.531003
1.533097
1.535192
1.537286
1.539380
1.541475
1.543569
1.545664
1.547758
1.549852
1.551947
1.554041
1.556136
1.558230
1.560324
1.562419
1.564513
1.566608
1.568702
1.570796
1.572891
1.574985
1.577080
1.579174
1.581268
1.583363
1.585457
1.587551
1.589646
1.591740
1.593835
1.595929
1.598023
1.600118
1.602212
1.604307
1.606401
1.608495
1.610590
1.612684
1.614779
1.616873
1.618967
1.621062
1.623156
1.625251
1.627345
1.629439
1.631534
1.633628
1.635723
1.637817
1.639911
1.642006
1.644100
1.646195
1.648289
1.650383
1.652478
1.654572
1.656667
1.658761
1.660855
1.662950
1.665044
1.667139
1.669233
1.671327
1.673422
1.675516
1.677610
1.679705
1.681799
1.683894
1.685988
1.688082
1.690177
1.692271
1.694366
1.696460
1.698554
1.700649
1.702743
1.704838
1.706932
1.709026
1.711121
1.713215
1.715310
1.717404
1.719498
1.721593
1.723687
1.725782
1.727876
1.729970
1.732065
1.734159
1.736254
1.738348
1.740442
1.742537
1.744631
1.746726
1.748820
1.750914
1.753009
1.755103
1.757197
1.759292
1.761386
1.763481
1.765575
1.767669
1.769764
1.771858
1.773953
1.776047
1.778141
1.780236
1.782330
1.784425
1.786519
1.788613
1.790708
1.792802
1.794897
1.796991
1.799085
1.801180
1.803274
1.805369
1.807463
1.809557
1.811652
1.813746
1.815841
1.817935
1.820029
1.822124
1.824218
1.826313
1.828407
1.830501
1.832596
1.834690
1.836785
1.838879
1.840973
1.843068
1.845162
1.847256
1.849351
1.851445
1.853540
1.855634
1.857728
1.859823
1.861917
1.864012
1.866106
1.868200
1.870295
1.872389
1.874484
1.876578
1.878672
1.880767
1.882861
1.884956
1.887050
1.889144
1.891239
1.893333
1.895428
1.897522
1.899616
1.901711
1.903805
1.905900
1.907994
1.910088
1.912183
1.914277
1.916372
1.918466
1.920560
1.922655
1.924749
1.926843
1.928938
1.931032
1.933127
1.935221
1.937315
1.939410
1.941504
1.943599
1.945693
1.947787
1.949882
1.951976
1.954071
1.956165
1.958259
1.960354
1.962448
1.964543
1.966637
1.968731
1.970826
1.972920
1.975015
1.977109
1.979203
1.981298
1.983392
1.985487
1.987581
1.989675
1.991770
1.993864
1.995959
1.998053
2.000147
2.002242
2.004336
2.006431
2.008525
2.010619
2.012714
2.014808
2.016902
2.018997
2.021091
2.023186
2.025280
2.027374
2.029469
2.031563
2.033658
2.035752
2.037846
2.039941
2.042035
2.044130
2.046224
2.048318
2.050413
2.052507
2.054602
2.056696
2.058790
2.060885
2.062979
2.065074
2.067168
2.069262
2.071357
2.073451
2.075546
2.077640
2.079734
2.081829
2.083923
2.086018
2.088112
2.090206
2.092301
2.094395
2.096489
2.098584
2.100678
2.102773
2.104867
2.106961
2.109056
2.111150
2.113245
2.115339
2.117433
2.119528
2.121622
2.123717
2.125811
2.127905
2.130000
2.132094
2.134189
2.136283
2.138377
2.140472
2.142566
2.144661
2.146755
2.148849
2.150944
2.153038
2.155133
2.157227
2.159321
2.161416
2.163510
2.165605
2.167699
2.169793
2.171888
2.173982
2.176077
2.178171
2.180265
2.182360
2.184454
2.186548
2.188643
2.190737
2.192832
2.194926
2.197020
2.199115
2.201209
2.203304
2.205398
2.207492
2.209587
2.211681
2.213776
2.215870
2.217964
2.220059
2.222153
2.224248
2.226342
2.228436
2.230531
2.232625
2.234720
2.236814
2.238908
2.241003
2.243097
2.245192
2.247286
2.249380
2.251475
2.253569
2.255664
2.257758
2.259852
2.261947
2.264041
2.266136
2.268230
2.270324
2.272419
2.274513
2.276607
2.278702
2.280796
2.282891
2.284985
2.287079
2.289174
2.291268
2.293363
2.295457
2.297551
2.299646
2.301740
2.303835
2.305929
2.308023
2.310118
2.312212
2.314307
2.316401
2.318495
2.320590
2.322684
2.324779
2.326873
2.328967
2.331062
2.333156
2.335251
2.337345
2.339439
2.341534
2.343628
2.345723
2.347817
2.349911
2.352006
2.354100
2.356194
2.358289
2.360383
2.362478
2.364572
2.366666
2.368761
2.370855
2.372950
2.375044
2.377138
2.379233
2.381327
2.383422
2.385516
2.387610
2.389705
2.391799
2.393894
2.395988
2.398082
2.400177
2.402271
2.404366
2.406460
2.408554
2.410649
2.412743
2.414838
2.416932
2.419026
2.421121
2.423215
2.425310
2.427404
2.429498
2.431593
2.433687
2.435782
2.437876
2.439970
2.442065
2.444159
2.446253
2.448348
2.450442
2.452537
2.454631
2.456725
2.458820
2.460914
2.463009
2.465103
2.467197
2.469292
2.471386
2.473481
2.475575
2.477669
2.479764
2.481858
2.483953
2.486047
2.488141
2.490236
2.492330
2.494425
2.496519
2.498613
2.500708
2.502802
2.504897
2.506991
2.509085
2.511180
2.513274
2.515369
2.517463
2.519557
2.521652
2.523746
2.525840
2.527935
2.530029
2.532124
2.534218
2.536312
2.538407
2.540501
2.542596
2.544690
2.546784
2.548879
2.550973
2.553068
2.555162
2.557256
2.559351
2.561445
2.563540
2.565634
2.567728
2.569823
2.571917
2.574012
2.576106
2.578200
2.580295
2.582389
2.584484
2.586578
2.588672
2.590767
2.592861
2.594956
2.597050
2.599144
2.601239
2.603333
2.605428
2.607522
2.609616
2.611711
2.613805
2.615899
2.617994
2.620088
2.622183
2.624277
2.626371
2.628466
2.630560
2.632655
2.634749
2.636843
2.638938
2.641032
2.643127
2.645221
2.647315
2.649410
2.651504
2.653599
2.655693
2.657787
2.659882
2.661976
2.664071
2.666165
2.668259
2.670354
2.672448
2.674543
2.676637
2.678731
2.680826
2.682920
2.685015
2.687109
2.689203
2.691298
2.693392
2.695486
2.697581
2.699675
2.701770
2.703864
2.705958
2.708053
2.710147
2.712242
2.714336
2.716430
2.718525
2.720619
2.722714
2.724808
2.726902
2.728997
2.731091
2.733186
2.735280
2.737374
2.739469
2.741563
2.743658
2.745752
2.747846
2.749941
2.752035
2.754130
2.756224
2.758318
2.760413
2.762507
2.764602
2.766696
2.768790
2.770885
2.772979
2.775074
2.777168
2.779262
2.781357
2.783451
2.785545
2.787640
2.789734
2.791829
2.793923
2.796017
2.798112
2.800206
2.802301
2.804395
2.806489
2.808584
2.810678
2.812773
2.814867
2.816961
2.819056
2.821150
2.823245
2.825339
2.827433
2.829528
2.831622
2.833717
2.835811
2.837905
2.840000
2.842094
2.844189
2.846283
2.848377
2.850472
2.852566
2.854661
2.856755
2.858849
2.860944
2.863038
2.865133
2.867227
2.869321
2.871416
2.873510
2.875604
2.877699
2.879793
2.881888
2.883982
2.886076
2.888171
2.890265
2.892360
2.894454
2.896548
2.898643
2.900737
2.902832
2.904926
2.907020
2.909115
2.911209
2.913304
2.915398
2.917492
2.919587
2.921681
2.923776
2.925870
2.927964
2.930059
2.932153
2.934248
2.936342
2.938436
2.940531
2.942625
2.944720
2.946814
2.948908
2.951003
2.953097
2.955191
2.957286
2.959380
2.961475
2.963569
2.965663
2.967758
2.969852
2.971947
2.974041
2.976135
2.978230
2.980324
2.982419
2.984513
2.986607
2.988702
2.990796
2.992891
2.994985
2.997079
2.999174
3.001268
3.003363
3.005457
3.007551
3.009646
3.011740
3.013835
3.015929
3.018023
3.020118
3.022212
3.024307
3.026401
3.028495
3.030590
3.032684
3.034779
3.036873
3.038967
3.041062
3.043156
3.045250
3.047345
3.049439
3.051534
3.053628
3.055722
3.057817
3.059911
3.062006
3.064100
3.066194
3.068289
3.070383
3.072478
3.074572
3.076666
3.078761
3.080855
3.082950
3.085044
3.087138
3.089233
3.091327
3.093422
3.095516
3.097610
3.099705
3.101799
3.103894
3.105988
3.108082
3.110177
3.112271
3.114366
3.116460
3.118554
3.120649
3.122743
3.124837
3.126932
3.129026
3.131121
3.133215
3.135309
3.137404
3.139498
3.141593
-3.139498
-3.137404
-3.135309
-3.133215
-3.131121
-3.129026
-3.126932
-3.124837
-3.122743
-3.120649
-3.118554
-3.116460
-3.114366
-3.112271
-3.110177
-3.108082
-3.105988
-3.103894
-3.101799
-3.099705
-3.097610
-3.095516
-3.093422
-3.091327
-3.089233
-3.087138
-3.085044
-3.082950
-3.080855
-3.078761
-3.076666
-3.074572
-3.072478
-3.070383
-3.068289
-3.066194
-3.064100
-3.062006
-3.059911
-3.057817
-3.055722
-3.053628
-3.051534
-3.049439
-3.047345
-3.045250
-3.043156
-3.041062
-3.038967
-3.036873
-3.034779
-3.032684
-3.030590
-3.028495
-3.026401
-3.024307
-3.022212
-3.020118
-3.018023
-3.015929
-3.013835
-3.011740
-3.009646
-3.007551
-3.005457
-3.003363
-3.001268
-2.999174
-2.997079
-2.994985
-2.992891
-2.990796
-2.988702
-2.986607
-2.984513
-2.982419
-2.980324
-2.978230
-2.976135
-2.974041
-2.971947
-2.969852
-2.967758
-2.965663
-2.963569
-2.961475
-2.959380
-2.957286
-2.955191
-2.953097
-2.951003
-2.948908
-2.946814
-2.944720
-2.942625
-2.940531
-2.938436
-2.936342
-2.934248
-2.932153
-2.930059
-2.927964
-2.925870
-2.923776
-2.921681
-2.919587
-2.917492
-2.915398
-2.913304
-2.911209
-2.909115
-2.907020
-2.904926
-2.902832
-2.900737
-2.898643
-2.896548
-2.894454
-2.892360
-2.890265
-2.888171
-2.886076
-2.883982
-2.881888
-2.879793
-2.877699
-2.875604
-2.873510
-2.871416
-2.869321
-2.867227
-2.865133
-2.863038
-2.860944
-2.858849
-2.856755
-2.854661
-2.852566
-2.850472
-2.848377
-2.846283
-2.844189
-2.842094
-2.840000
-2.837905
-2.835811
-2.833717
-2.831622
-2.829528
-2.827433
-2.825339
-2.823245
-2.821150
-2.819056
-2.816961
-2.814867
-2.812773
-2.810678
-2.808584
-2.806489
-2.804395
-2.802301
-2.800206
-2.798112
-2.796017
-2.793923
-2.791829
-2.789734
-2.787640
-2.785545
-2.783451
-2.781357
-2.779262
-2.777168
-2.775074
-2.772979
-2.770885
-2.768790
-2.766696
-2.764602
-2.762507
-2.760413
-2.758318
-2.756224
-2.754130
-2.752035
-2.749941
-2.747846
-2.745752
-2.743658
-2.741563
-2.739469
-2.737374
-2.735280
-2.733186
-2.731091
-2.728997
-2.726902
-2.724808
-2.722714
-2.720619
-2.718525
-2.716430
-2.714336
-2.712242
-2.710147
-2.708053
-2.705958
-2.703864
-2.701770
-2.699675
-2.697581
-2.695486
-2.693392
-2.691298
-2.689203
-2.687109
-2.685015
-2.682920
-2.680826
-2.678731
-2.676637
-2.674543
-2.672448
-2.670354
-2.668259
-2.666165
-2.664071
-2.661976
-2.659882
-2.657787
-2.655693
-2.653599
-2.651504
-2.649410
-2.647315
-2.645221
-2.643127
-2.641032
-2.638938
-2.636843
-2.634749
-2.632655
-2.630560
-2.628466
-2.626371
-2.624277
-2.622183
-2.620088
-2.617994
-2.615899
-2.613805
-2.611711
-2.609616
-2.607522
-2.605428
-2.603333
-2.601239
-2.599144
-2.597050
-2.594956
-2.592861
-2.590767
-2.588672
-2.586578
-2.584484
-2.582389
-2.580295
-2.578200
-2.576106
-2.574012
-2.571917
-2.569823
-2.567728
-2.565634
-2.563540
-2.561445
-2.559351
-2.557256
-2.555162
-2.553068
-2.550973
-2.548879
-2.546784
-2.544690
-2.542596
-2.540501
-2.538407
-2.536312
-2.534218
-2.532124
-2.530029
-2.527935
-2.525840
-2.523746
-2.521652
-2.519557
-2.517463
-2.515369
-2.513274
-2.511180
-2.509085
-2.506991
-2.504897
-2.502802
-2.500708
-2.498613
-2.496519
-2.494425
-2.492330
-2.490236
-2.488141
-2.486047
-2.483953
-2.481858
-2.479764
-2.477669
-2.475575
-2.473481
-2.471386
-2.469292
-2.467197
-2.465103
-2.463009
-2.460914
-2.458820
-2.456725
-2.454631
-2.452537
-2.450442
-2.448348
-2.446253
-2.444159
-2.442065
-2.439970
-2.437876
-2.435782
-2.433687
-2.431593
-2.429498
-2.427404
-2.425310
-2.423215
-2.421121
-2.419026
-2.416932
-2.414838
-2.412743
-2.410649
-2.408554
-2.406460
-2.404366
-2.402271
-2.400177
-2.398082
-2.395988
-2.393894
-2.391799
-2.389705
-2.387610
-2.385516
-2.383422
-2.381327
-2.379233
-2.377138
-2.375044
-2.372950
-2.370855
-2.368761
-2.366666
-2.364572
-2.362478
-2.360383
-2.358289
-2.356194
-2.354100
-2.352006
-2.349911
-2.347817
-2.345723
-2.343628
-2.341534
-2.339439
-2.337345
-2.335251
-2.333156
-2.331062
-2.328967
-2.326873
-2.324779
-2.322684
-2.320590
-2.318495
-2.316401
-2.314307
-2.312212
-2.310118
-2.308023
-2.305929
-2.303835
-2.301740
-2.299646
-2.297551
-2.295457
-2.293363
-2.291268
-2.289174
-2.287079
-2.284985
-2.282891
-2.280796
-2.278702
-2.276607
-2.274513
-2.272419
-2.270324
-2.268230
-2.266136
-2.264041
-2.261947
-2.259852
-2.257758
-2.255664
-2.253569
-2.251475
-2.249380
-2.247286
-2.245192
-2.243097
-2.241003
-2.238908
-2.236814
-2.234720
-2.232625
-2.230531
-2.228436
-2.226342
-2.224248
-2.222153
-2.220059
-2.217964
-2.215870
-2.213776
-2.211681
-2.209587
-2.207492
-2.205398
-2.203304
-2.201209
-2.199115
-2.197020
-2.194926
-2.192832
-2.190737
-2.188643
-2.186548
-2.184454
-2.182360
-2.180265
-2.178171
-2.176077
-2.173982
-2.171888
-2.169793
-2.167699
-2.165605
-2.163510
-2.161416
-2.159321
-2.157227
-2.155133
-2.153038
-2.150944
-2.148849
-2.146755
-2.144661
-2.142566
-2.140472
-2.138377
-2.136283
-2.134189
-2.132094
-2.130000
-2.127905
-2.125811
-2.123717
-2.121622
-2.119528
-2.117433
-2.115339
-2.113245
-2.111150
-2.109056
-2.106961
-2.104867
-2.102773
-2.100678
-2.098584
-2.096489
-2.094395
-2.092301
-2.090206
-2.088112
-2.086018
-2.083923
-2.081829
-2.079734
-2.077640
-2.075546
-2.073451
-2.071357
-2.069262
-2.067168
-2.065074
-2.062979
-2.060885
-2.058790
-2.056696
-2.054602
-2.052507
-2.050413
-2.048318
-2.046224
-2.044130
-2.042035
-2.039941
-2.037846
-2.035752
-2.033658
-2.031563
-2.029469
-2.027374
-2.025280
-2.023186
-2.021091
-2.018997
-2.016902
-2.014808
-2.012714
-2.010619
-2.008525
-2.006431
-2.004336
-2.002242
-2.000147
-1.998053
-1.995959
-1.993864
-1.991770
-1.989675
-1.987581
-1.985487
-1.983392
-1.981298
-1.979203
-1.977109
-1.975015
-1.972920
-1.970826
-1.968731
-1.966637
-1.964543
-1.962448
-1.960354
-1.958259
-1.956165
-1.954071
-1.951976
-1.949882
-1.947787
-1.945693
-1.943599
-1.941504
-1.939410
-1.937315
-1.935221
-1.933127
-1.931032
-1.928938
-1.926843
-1.924749
-1.922655
-1.920560
-1.918466
-1.916372
-1.914277
-1.912183
-1.910088
-1.907994
-1.905900
-1.903805
-1.901711
-1.899616
-1.897522
-1.895428
-1.893333
-1.891239
-1.889144
-1.887050
-1.884956
-1.882861
-1.880767
-1.878672
-1.876578
-1.874484
-1.872389
-1.870295
-1.868200
-1.866106
-1.864012
-1.861917
-1.859823
-1.857728
-1.855634
-1.853540
-1.851445
-1.849351
-1.847256
-1.845162
-1.843068
-1.840973
-1.838879
-1.836785
-1.834690
-1.832596
-1.830501
-1.828407
-1.826313
-1.824218
-1.822124
-1.820029
-1.817935
-1.815841
-1.813746
-1.811652
-1.809557
-1.807463
-1.805369
-1.803274
-1.801180
-1.799085
-1.796991
-1.794897
-1.792802
-1.790708
-1.788613
-1.786519
-1.784425
-1.782330
-1.780236
-1.778141
-1.776047
-1.773953
-1.771858
-1.769764
-1.767669
-1.765575
-1.763481
-1.761386
-1.759292
-1.757197
-1.755103
-1.753009
-1.750914
-1.748820
-1.746726
-1.744631
-1.742537
-1.740442
-1.738348
-1.736254
-1.734159
-1.732065
-1.729970
-1.727876
-1.725782
-1.723687
-1.721593
-1.719498
-1.717404
-1.715310
-1.713215
-1.711121
-1.709026
-1.706932
-1.704838
-1.702743
-1.700649
-1.698554
-1.696460
-1.694366
-1.692271
-1.690177
-1.688082
-1.685988
-1.683894
-1.681799
-1.679705
-1.677610
-1.675516
-1.673422
-1.671327
-1.669233
-1.667139
-1.665044
-1.662950
-1.660855
-1.658761
-1.656667
-1.654572
-1.652478
-1.650383
-1.648289
-1.646195
-1.644100
-1.642006
-1.639911
-1.637817
-1.635723
-1.633628
-1.631534
-1.629439
-1.627345
-1.625251
-1.623156
-1.621062
-1.618967
-1.616873
-1.614779
-1.612684
-1.610590
-1.608495
-1.606401
-1.604307
-1.602212
-1.600118
-1.598023
-1.595929
-1.593835
-1.591740
-1.589646
-1.587551
-1.585457
-1.583363
-1.581268
-1.579174
-1.577080
-1.574985
-1.572891
-1.570796
-1.568702
-1.566608
-1.564513
-1.562419
-1.560324
-1.558230
-1.556136
-1.554041
-1.551947
-1.549852
-1.547758
-1.545664
-1.543569
-1.541475
-1.539380
-1.537286
-1.535192
-1.533097
-1.531003
-1.528908
-1.526814
-1.524720
-1.522625
-1.520531
-1.518436
-1.516342
-1.514248
-1.512153
-1.510059
-1.507964
-1.505870
-1.503776
-1.501681
-1.499587
-1.497492
-1.495398
-1.493304
-1.491209
-1.489115
-1.487021
-1.484926
-1.482832
-1.480737
-1.478643
-1.476549
-1.474454
-1.472360
-1.470265
-1.468171
-1.466077
-1.463982
-1.461888
-1.459793
-1.457699
-1.455605
-1.453510
-1.451416
-1.449321
-1.447227
-1.445133
-1.443038
-1.440944
-1.438849
-1.436755
-1.434661
-1.432566
-1.430472
-1.428377
-1.426283
-1.424189
-1.422094
-1.420000
-1.417905
-1.415811
-1.413717
-1.411622
-1.409528
-1.407434
-1.405339
-1.403245
-1.401150
-1.399056
-1.396962
-1.394867
-1.392773
-1.390678
-1.388584
-1.386490
-1.384395
-1.382301
-1.380206
-1.378112
-1.376018
-1.373923
-1.371829
-1.369734
-1.367640
-1.365546
-1.363451
-1.361357
-1.359262
-1.357168
-1.355074
-1.352979
-1.350885
-1.348790
-1.346696
-1.344602
-1.342507
-1.340413
-1.338318
-1.336224
-1.334130
-1.332035
-1.329941
-1.327846
-1.325752
-1.323658
-1.321563
-1.319469
-1.317375
-1.315280
-1.313186
-1.311091
-1.308997
-1.306903
-1.304808
-1.302714
-1.300619
-1.298525
-1.296431
-1.294336
-1.292242
-1.290147
-1.288053
-1.285959
-1.283864
-1.281770
-1.279675
-1.277581
-1.275487
-1.273392
-1.271298
-1.269203
-1.267109
-1.265015
-1.262920
-1.260826
-1.258731
-1.256637
-1.254543
-1.252448
-1.250354
-1.248259
-1.246165
-1.244071
-1.241976
-1.239882
-1.237788
-1.235693
-1.233599
-1.231504
-1.229410
-1.227316
-1.225221
-1.223127
-1.221032
-1.218938
-1.216844
-1.214749
-1.212655
-1.210560
-1.208466
-1.206372
-1.204277
-1.202183
-1.200088
-1.197994
-1.195900
-1.193805
-1.191711
-1.189616
-1.187522
-1.185428
-1.183333
-1.181239
-1.179144
-1.177050
-1.174956
-1.172861
-1.170767
-1.168672
-1.166578
-1.164484
-1.162389
-1.160295
-1.158200
-1.156106
-1.154012
-1.151917
-1.149823
-1.147729
-1.145634
-1.143540
-1.141445
-1.139351
-1.137257
-1.135162
-1.133068
-1.130973
-1.128879
-1.126785
-1.124690
-1.122596
-1.120501
-1.118407
-1.116313
-1.114218
-1.112124
-1.110029
-1.107935
-1.105841
-1.103746
-1.101652
-1.099557
-1.097463
-1.095369
-1.093274
-1.091180
-1.089085
-1.086991
-1.084897
-1.082802
-1.080708
-1.078613
-1.076519
-1.074425
-1.072330
-1.070236
-1.068142
-1.066047
-1.063953
-1.061858
-1.059764
-1.057670
-1.055575
-1.053481
-1.051386
-1.049292
-1.047198
-1.045103
-1.043009
-1.040914
-1.038820
-1.036726
-1.034631
-1.032537
-1.030442
-1.028348
-1.026254
-1.024159
-1.022065
-1.019970
-1.017876
-1.015782
-1.013687
-1.011593
-1.009498
-1.007404
-1.005310
-1.003215
-1.001121
-0.999026
-0.996932
-0.994838
-0.992743
-0.990649
-0.988554
-0.986460
-0.984366
-0.982271
-0.980177
-0.978083
-0.975988
-0.973894
-0.971799
-0.969705
-0.967611
-0.965516
-0.963422
-0.961327
-0.959233
-0.957139
-0.955044
-0.952950
-0.950855
-0.948761
-0.946667
-0.944572
-0.942478
-0.940383
-0.938289
-0.936195
-0.934100
-0.932006
-0.929911
-0.927817
-0.925723
-0.923628
-0.921534
-0.919439
-0.917345
-0.915251
-0.913156
-0.911062
-0.908967
-0.906873
-0.904779
-0.902684
-0.900590
-0.898495
-0.896401
-0.894307
-0.892212
-0.890118
-0.888024
-0.885929
-0.883835
-0.881740
-0.879646
-0.877552
-0.875457
-0.873363
-0.871268
-0.869174
-0.867080
-0.864985
-0.862891
-0.860796
-0.858702
-0.856608
-0.854513
-0.852419
-0.850324
-0.848230
-0.846136
-0.844041
-0.841947
-0.839852
-0.837758
-0.835664
-0.833569
-0.831475
-0.829380
-0.827286
-0.825192
-0.823097
-0.821003
-0.818908
-0.816814
-0.814720
-0.812625
-0.810531
-0.808437
-0.806342
-0.804248
-0.802153
-0.800059
-0.797965
-0.795870
-0.793776
-0.791681
-0.789587
-0.787493
-0.785398
-0.783304
-0.781209
-0.779115
-0.777021
-0.774926
-0.772832
-0.770737
-0.768643
-0.766549
-0.764454
-0.762360
-0.760265
-0.758171
-0.756077
-0.753982
-0.751888
-0.749793
-0.747699
-0.745605
-0.743510
-0.741416
-0.739321
-0.737227
-0.735133
-0.733038
-0.730944
-0.728849
-0.726755
-0.724661
-0.722566
-0.720472
-0.718378
-0.716283
-0.714189
-0.712094
-0.710000
-0.707906
-0.705811
-0.703717
-0.701622
-0.699528
-0.697434
-0.695339
-0.693245
-0.691150
-0.689056
-0.686962
-0.684867
-0.682773
-0.680678
-0.678584
-0.676490
-0.674395
-0.672301
-0.670206
-0.668112
-0.666018
-0.663923
-0.661829
-0.659734
-0.657640
-0.655546
-0.653451
-0.651357
-0.649262
-0.647168
-0.645074
-0.642979
-0.640885
-0.638791
-0.636696
-0.634602
-0.632507
-0.630413
-0.628319
-0.626224
-0.624130
-0.622035
-0.619941
-0.617847
-0.615752
-0.613658
-0.611563
-0.609469
-0.607375
-0.605280
-0.603186
-0.601091
-0.598997
-0.596903
-0.594808
-0.592714
-0.590619
-0.588525
-0.586431
-0.584336
-0.582242
-0.580147
-0.578053
-0.575959
-0.573864
-0.571770
-0.569675
-0.567581
-0.565487
-0.563392
-0.561298
-0.559203
-0.557109
-0.555015
-0.552920
-0.550826
-0.548732
-0.546637
-0.544543
-0.542448
-0.540354
-0.538260
-0.536165
-0.534071
-0.531976
-0.529882
-0.527788
-0.525693
-0.523599
-0.521504
-0.519410
-0.517316
-0.515221
-0.513127
-0.511032
-0.508938
-0.506844
-0.504749
-0.502655
-0.500560
-0.498466
-0.496372
-0.494277
-0.492183
-0.490088
-0.487994
-0.485900
-0.483805
-0.481711
-0.479616
-0.477522
-0.475428
-0.473333
-0.471239
-0.469145
-0.467050
-0.464956
-0.462861
-0.460767
-0.458673
-0.456578
-0.454484
-0.452389
-0.450295
-0.448201
-0.446106
-0.444012
-0.441917
-0.439823
-0.437729
-0.435634
-0.433540
-0.431445
-0.429351
-0.427257
-0.425162
-0.423068
-0.420973
-0.418879
-0.416785
-0.414690
-0.412596
-0.410501
-0.408407
-0.406313
-0.404218
-0.402124
-0.400029
-0.397935
-0.395841
-0.393746
-0.391652
-0.389557
-0.387463
-0.385369
-0.383274
-0.381180
-0.379086
-0.376991
-0.374897
-0.372802
-0.370708
-0.368614
-0.366519
-0.364425
-0.362330
-0.360236
-0.358142
-0.356047
-0.353953
-0.351858
-0.349764
-0.347670
-0.345575
-0.343481
-0.341386
-0.339292
-0.337198
-0.335103
-0.333009
-0.330914
-0.328820
-0.326726
-0.324631
-0.322537
-0.320442
-0.318348
-0.316254
-0.314159
-0.312065
-0.309970
-0.307876
-0.305782
-0.303687
-0.301593
-0.299498
-0.297404
-0.295310
-0.293215
-0.291121
-0.289027
-0.286932
-0.284838
-0.282743
-0.280649
-0.278555
-0.276460
-0.274366
-0.272271
-0.270177
-0.268083
-0.265988
-0.263894
-0.261799
-0.259705
-0.257611
-0.255516
-0.253422
-0.251327
-0.249233
-0.247139
-0.245044
-0.242950
-0.240855
-0.238761
-0.236667
-0.234572
-0.232478
-0.230383
-0.228289
-0.226195
-0.224100
-0.222006
-0.219911
-0.217817
-0.215723
-0.213628
-0.211534
-0.209440
-0.207345
-0.205251
-0.203156
-0.201062
-0.198968
-0.196873
-0.194779
-0.192684
-0.190590
-0.188496
-0.186401
-0.184307
-0.182212
-0.180118
-0.178024
-0.175929
-0.173835
-0.171740
-0.169646
-0.167552
-0.165457
-0.163363
-0.161268
-0.159174
-0.157080
-0.154985
-0.152891
-0.150796
-0.148702
-0.146608
-0.144513
-0.142419
-0.140324
-0.138230
-0.136136
-0.134041
-0.131947
-0.129852
-0.127758
-0.125664
-0.123569
-0.121475
-0.119381
-0.117286
-0.115192
-0.113097
-0.111003
-0.108909
-0.106814
-0.104720
-0.102625
-0.100531
-0.098437
-0.096342
-0.094248
-0.092153
-0.090059
-0.087965
-0.085870
-0.083776
-0.081681
-0.079587
-0.077493
-0.075398
-0.073304
-0.071209
-0.069115
-0.067021
-0.064926
-0.062832
-0.060737
-0.058643
-0.056549
-0.054454
-0.052360
-0.050265
-0.048171
-0.046077
-0.043982
-0.041888
-0.039794
-0.037699
-0.035605
-0.033510
-0.031416
-0.029322
-0.027227
-0.025133
-0.023038
-0.020944
-0.018850
-0.016755
-0.014661
-0.012566
-0.010472
-0.008378
-0.006283
-0.004189
-0.002094
