0.000000,	 ff980010, 	 16
25.277344,	 ff980400, 	 1024
27.583984,	 ff980100, 	 256
27.778320,	 ff980110, 	 272
27.783203,	 ff980010, 	 16
28.211914,	 ff980042, 	 66
29.605469,	 ff980142, 	 322
29.835938,	 ff980042, 	 66
32.011719,	 ff980010, 	 16
32.628906,	 ff980001, 	 1
33.140625,	 ff980201, 	 513
33.338867,	 ff980001, 	 1
36.381836,	 ff980010, 	 16
37.165039,	 ff980082, 	 130
37.731445,	 ff980182, 	 386
37.920898,	 ff980082, 	 130
40.714844,	 ff980010, 	 16
41.331055,	 ff980002, 	 2
41.714844,	 ff980102, 	 258
41.919922,	 ff980002, 	 2
44.964844,	 ff980010, 	 16
45.748047,	 ff980082, 	 130
46.386719,	 ff980182, 	 386
46.583984,	 ff980082, 	 130
49.264648,	 ff980010, 	 16
50.047852,	 ff980082, 	 130
50.469727,	 ff980182, 	 386
50.665039,	 ff980082, 	 130
53.630859,	 ff980010, 	 16
54.414062,	 ff980081, 	 129
54.899414,	 ff980281, 	 641
55.112305,	 ff980081, 	 129
57.997070,	 ff980010, 	 16
58.781250,	 ff980081, 	 129
59.068359,	 ff980281, 	 641
59.298828,	 ff980081, 	 129
62.247070,	 ff980010, 	 16
63.030273,	 ff980081, 	 129
63.733398,	 ff980281, 	 641
63.905273,	 ff980081, 	 129
66.614258,	 ff980010, 	 16
67.230469,	 ff980002, 	 2
67.806641,	 ff980102, 	 258
68.015625,	 ff980002, 	 2
70.897461,	 ff980010, 	 16
71.680664,	 ff980081, 	 129
71.875000,	 ff980281, 	 641
72.062500,	 ff980081, 	 129
75.230469,	 ff980010, 	 16
75.846680,	 ff980002, 	 2
76.364258,	 ff980102, 	 258
76.578125,	 ff980002, 	 2
79.497070,	 ff980010, 	 16
80.113281,	 ff980002, 	 2
81.232422,	 ff980102, 	 258
81.452148,	 ff980002, 	 2
83.747070,	 ff980010, 	 16
84.363281,	 ff980008, 	 8
85.031250,	 ff980208, 	 520
85.218750,	 ff980008, 	 8
88.080078,	 ff980010, 	 16
88.697266,	 ff980001, 	 1
89.670898,	 ff980201, 	 513
89.847656,	 ff980001, 	 1
90.613281,	 ff980020, 	 32
94.291016,	 ff980420, 	 1056
94.452148,	 ff980020, 	 32
96.296875,	 ff980010, 	 16
97.080078,	 ff980081, 	 129
98.213867,	 ff980281, 	 641
98.353516,	 ff980081, 	 129
100.546875,	 ff980010, 	 16
100.979492,	 ff980041, 	 65
101.626953,	 ff980241, 	 577
101.820312,	 ff980041, 	 65
104.879883,	 ff980010, 	 16
105.663086,	 ff980082, 	 130
106.562500,	 ff980182, 	 386
106.770508,	 ff980082, 	 130
109.179688,	 ff980010, 	 16
109.613281,	 ff980041, 	 65
110.365234,	 ff980241, 	 577
110.549805,	 ff980041, 	 65
113.429688,	 ff980010, 	 16
114.212891,	 ff980082, 	 130
114.875000,	 ff980182, 	 386
115.087891,	 ff980082, 	 130
117.729492,	 ff980010, 	 16
118.345703,	 ff980002, 	 2
119.328125,	 ff980102, 	 258
119.563477,	 ff980002, 	 2
121.913086,	 ff980010, 	 16
122.345703,	 ff980041, 	 65
123.077148,	 ff980241, 	 577
123.305664,	 ff980041, 	 65
126.179688,	 ff980010, 	 16
126.795898,	 ff980001, 	 1
127.453125,	 ff980201, 	 513
127.661133,	 ff980001, 	 1
130.445312,	 ff980010, 	 16
130.878906,	 ff980042, 	 66
132.334961,	 ff980142, 	 322
132.539062,	 ff980042, 	 66
134.695312,	 ff980010, 	 16
135.479492,	 ff980082, 	 130
136.168945,	 ff980182, 	 386
136.397461,	 ff980082, 	 130
138.995117,	 ff980010, 	 16
139.612305,	 ff980002, 	 2
141.318359,	 ff980102, 	 258
141.502930,	 ff980002, 	 2
143.362305,	 ff980010, 	 16
143.795898,	 ff980042, 	 66
144.537109,	 ff980142, 	 322
144.778320,	 ff980042, 	 66
147.562500,	 ff980010, 	 16
148.178711,	 ff980002, 	 2
149.087891,	 ff980102, 	 258
149.313477,	 ff980002, 	 2
151.745117,	 ff980010, 	 16
152.178711,	 ff980041, 	 65
153.185547,	 ff980241, 	 577
153.385742,	 ff980041, 	 65
156.061523,	 ff980010, 	 16
156.495117,	 ff980041, 	 65
157.421875,	 ff980241, 	 577
157.640625,	 ff980041, 	 65
158.594727,	 ff980020, 	 32
161.841797,	 ff980420, 	 1056
162.011719,	 ff980020, 	 32
163.761719,	 ff980010, 	 16
164.377930,	 ff980008, 	 8
166.384766,	 ff980200, 	 512
167.945312,	 ff980010, 	 16
168.561523,	 ff980002, 	 2
169.758789,	 ff980102, 	 258
169.989258,	 ff980002, 	 2
172.294922,	 ff980010, 	 16
172.911133,	 ff980002, 	 2
174.092773,	 ff980102, 	 258
174.316406,	 ff980002, 	 2
176.544922,	 ff980010, 	 16
176.978516,	 ff980042, 	 66
178.579102,	 ff980142, 	 322
178.771484,	 ff980042, 	 66
180.844727,	 ff980010, 	 16
181.278320,	 ff980042, 	 66
182.576172,	 ff980142, 	 322
182.790039,	 ff980042, 	 66
185.094727,	 ff980010, 	 16
185.528320,	 ff980041, 	 65
186.457031,	 ff980241, 	 577
186.651367,	 ff980041, 	 65
189.444336,	 ff980010, 	 16
190.061523,	 ff980001, 	 1
190.901367,	 ff980201, 	 513
191.075195,	 ff980001, 	 1
193.694336,	 ff980010, 	 16
194.310547,	 ff980002, 	 2
195.322266,	 ff980102, 	 258
195.539062,	 ff980002, 	 2
198.027344,	 ff980010, 	 16
198.810547,	 ff980081, 	 129
199.836914,	 ff980281, 	 641
200.093750,	 ff980081, 	 129
202.244141,	 ff980010, 	 16
202.677734,	 ff980041, 	 65
203.420898,	 ff980241, 	 577
203.640625,	 ff980041, 	 65
206.577148,	 ff980010, 	 16
207.360352,	 ff980082, 	 130
207.850586,	 ff980182, 	 386
208.055664,	 ff980082, 	 130
210.760742,	 ff980010, 	 16
211.543945,	 ff980082, 	 130
212.720703,	 ff980182, 	 386
212.916016,	 ff980082, 	 130
215.010742,	 ff980010, 	 16
215.793945,	 ff980081, 	 129
216.829102,	 ff980281, 	 641
217.048828,	 ff980081, 	 129
219.310547,	 ff980010, 	 16
220.093750,	 ff980082, 	 130
221.420898,	 ff980182, 	 386
221.634766,	 ff980082, 	 130
223.643555,	 ff980010, 	 16
224.259766,	 ff980002, 	 2
225.121094,	 ff980102, 	 258
225.314453,	 ff980002, 	 2
226.176758,	 ff980020, 	 32
231.315430,	 ff980420, 	 1056
231.430664,	 ff980020, 	 32
233.110352,	 ff980010, 	 16
233.726562,	 ff980008, 	 8
235.350586,	 ff980108, 	 264
235.536133,	 ff980008, 	 8
237.309570,	 ff980010, 	 16
238.092773,	 ff980081, 	 129
238.940430,	 ff980281, 	 641
239.117188,	 ff980081, 	 129
241.625977,	 ff980010, 	 16
242.410156,	 ff980081, 	 129
243.142578,	 ff980281, 	 641
243.306641,	 ff980081, 	 129
245.875977,	 ff980010, 	 16
246.309570,	 ff980041, 	 65
247.444336,	 ff980241, 	 577
247.630859,	 ff980041, 	 65
250.142578,	 ff980010, 	 16
250.576172,	 ff980041, 	 65
251.134766,	 ff980241, 	 577
251.353516,	 ff980041, 	 65
254.359375,	 ff980010, 	 16
255.142578,	 ff980082, 	 130
255.927734,	 ff980182, 	 386
256.125977,	 ff980082, 	 130
258.725586,	 ff980010, 	 16
259.509766,	 ff980081, 	 129
259.920898,	 ff980281, 	 641
260.140625,	 ff980081, 	 129
263.042969,	 ff980010, 	 16
263.826172,	 ff980081, 	 129
265.005859,	 ff980281, 	 641
265.208984,	 ff980081, 	 129
267.225586,	 ff980010, 	 16
267.659180,	 ff980042, 	 66
268.663086,	 ff980142, 	 322
268.892578,	 ff980042, 	 66
271.458984,	 ff980010, 	 16
272.242188,	 ff980082, 	 130
273.380859,	 ff980182, 	 386
273.614258,	 ff980082, 	 130
275.758789,	 ff980010, 	 16
276.192383,	 ff980042, 	 66
277.389648,	 ff980142, 	 322
277.581055,	 ff980042, 	 66
280.075195,	 ff980010, 	 16
280.508789,	 ff980041, 	 65
281.834961,	 ff980241, 	 577
282.046875,	 ff980041, 	 65
284.442383,	 ff980010, 	 16
285.225586,	 ff980081, 	 129
286.272461,	 ff980281, 	 641
286.473633,	 ff980081, 	 129
288.758789,	 ff980010, 	 16
289.541992,	 ff980081, 	 129
290.166016,	 ff980281, 	 641
290.378906,	 ff980081, 	 129
293.008789,	 ff980010, 	 16
293.625000,	 ff980002, 	 2
294.365234,	 ff980102, 	 258
294.640625,	 ff980002, 	 2
295.541992,	 ff980020, 	 32
299.411133,	 ff980420, 	 1056
299.607422,	 ff980020, 	 32
301.408203,	 ff980010, 	 16
302.025391,	 ff980001, 	 1
302.747070,	 ff980201, 	 513
302.918945,	 ff980001, 	 1
305.691406,	 ff980010, 	 16
306.308594,	 ff980001, 	 1
307.216797,	 ff980201, 	 513
307.420898,	 ff980001, 	 1
309.891602,	 ff980010, 	 16
310.507812,	 ff980008, 	 8
311.651367,	 ff980108, 	 264
311.877930,	 ff980008, 	 8
314.091797,	 ff980010, 	 16
314.875000,	 ff980081, 	 129
315.714844,	 ff980281, 	 641
315.925781,	 ff980081, 	 129
318.324219,	 ff980010, 	 16
319.108398,	 ff980082, 	 130
320.559570,	 ff980182, 	 386
320.800781,	 ff980082, 	 130
322.641602,	 ff980010, 	 16
323.257812,	 ff980002, 	 2
324.156250,	 ff980102, 	 258
324.380859,	 ff980002, 	 2
326.941406,	 ff980010, 	 16
327.374023,	 ff980041, 	 65
328.172852,	 ff980241, 	 577
328.366211,	 ff980041, 	 65
331.307617,	 ff980010, 	 16
331.741211,	 ff980042, 	 66
332.566406,	 ff980142, 	 322
332.808594,	 ff980042, 	 66
335.557617,	 ff980010, 	 16
335.991211,	 ff980041, 	 65
337.095703,	 ff980241, 	 577
337.291016,	 ff980041, 	 65
339.857422,	 ff980010, 	 16
340.640625,	 ff980082, 	 130
341.932617,	 ff980182, 	 386
342.140625,	 ff980082, 	 130
344.140625,	 ff980010, 	 16
344.923828,	 ff980082, 	 130
346.018555,	 ff980182, 	 386
346.229492,	 ff980082, 	 130
348.340820,	 ff980010, 	 16
348.773438,	 ff980041, 	 65
349.945312,	 ff980241, 	 577
350.171875,	 ff980041, 	 65
352.523438,	 ff980010, 	 16
352.957031,	 ff980041, 	 65
354.107422,	 ff980241, 	 577
354.313477,	 ff980041, 	 65
356.874023,	 ff980010, 	 16
357.306641,	 ff980042, 	 66
358.500977,	 ff980142, 	 322
358.672852,	 ff980042, 	 66
361.107422,	 ff980010, 	 16
361.540039,	 ff980042, 	 66
362.671875,	 ff980142, 	 322
362.873047,	 ff980042, 	 66
363.640625,	 ff980020, 	 32
368.106445,	 ff980420, 	 1056
368.250977,	 ff980020, 	 32
370.089844,	 ff980010, 	 16
370.707031,	 ff980001, 	 1
371.935547,	 ff980201, 	 513
372.164062,	 ff980001, 	 1
374.439453,	 ff980010, 	 16
375.056641,	 ff980002, 	 2
375.639648,	 ff980102, 	 258
375.848633,	 ff980002, 	 2
378.656250,	 ff980010, 	 16
379.089844,	 ff980041, 	 65
379.711914,	 ff980241, 	 577
379.973633,	 ff980041, 	 65
382.873047,	 ff980010, 	 16
383.490234,	 ff980001, 	 1
383.841797,	 ff980201, 	 513
384.084961,	 ff980001, 	 1
387.123047,	 ff980010, 	 16
387.739258,	 ff980008, 	 8
388.138672,	 ff980208, 	 520
388.364258,	 ff980008, 	 8
391.456055,	 ff980010, 	 16
392.239258,	 ff980082, 	 130
393.121094,	 ff980182, 	 386
393.271484,	 ff980082, 	 130
395.722656,	 ff980010, 	 16
396.156250,	 ff980041, 	 65
397.674805,	 ff980241, 	 577
397.820312,	 ff980041, 	 65
399.906250,	 ff980010, 	 16
400.522461,	 ff980002, 	 2
401.688477,	 ff980102, 	 258
401.891602,	 ff980002, 	 2
404.206055,	 ff980010, 	 16
404.822266,	 ff980002, 	 2
406.088867,	 ff980102, 	 258
406.333008,	 ff980002, 	 2
408.456055,	 ff980010, 	 16
409.239258,	 ff980081, 	 129
410.558594,	 ff980281, 	 641
410.701172,	 ff980081, 	 129
412.772461,	 ff980010, 	 16
413.206055,	 ff980042, 	 66
414.249023,	 ff980142, 	 322
414.382812,	 ff980042, 	 66
417.138672,	 ff980010, 	 16
417.921875,	 ff980082, 	 130
418.919922,	 ff980182, 	 386
419.144531,	 ff980082, 	 130
421.421875,	 ff980010, 	 16
421.855469,	 ff980041, 	 65
423.083008,	 ff980241, 	 577
423.281250,	 ff980041, 	 65
425.671875,	 ff980010, 	 16
426.105469,	 ff980042, 	 66
427.284180,	 ff980142, 	 322
427.463867,	 ff980042, 	 66
429.971680,	 ff980010, 	 16
430.405273,	 ff980042, 	 66
431.426758,	 ff980142, 	 322
431.620117,	 ff980042, 	 66
432.504883,	 ff980020, 	 32
436.760742,	 ff980420, 	 1056
436.974609,	 ff980020, 	 32
438.738281,	 ff980010, 	 16
439.171875,	 ff980041, 	 65
440.327148,	 ff980241, 	 577
440.454102,	 ff980041, 	 65
443.087891,	 ff980010, 	 16
443.705078,	 ff980001, 	 1
445.989258,	 ff980200, 	 512
447.438477,	 ff980010, 	 16
448.054688,	 ff980002, 	 2
449.465820,	 ff980102, 	 258
449.682617,	 ff980002, 	 2
451.788086,	 ff980010, 	 16
452.404297,	 ff980001, 	 1
453.796875,	 ff980201, 	 513
454.005859,	 ff980001, 	 1
456.021484,	 ff980010, 	 16
456.637695,	 ff980002, 	 2
457.566406,	 ff980102, 	 258
457.740234,	 ff980002, 	 2
460.238281,	 ff980010, 	 16
461.021484,	 ff980081, 	 129
461.930664,	 ff980281, 	 641
462.125977,	 ff980081, 	 129
464.420898,	 ff980010, 	 16
465.038086,	 ff980008, 	 8
466.262695,	 ff980108, 	 264
466.461914,	 ff980008, 	 8
468.720703,	 ff980010, 	 16
469.154297,	 ff980042, 	 66
470.402344,	 ff980142, 	 322
470.572266,	 ff980042, 	 66
472.970703,	 ff980010, 	 16
473.753906,	 ff980082, 	 130
474.785156,	 ff980182, 	 386
474.994141,	 ff980082, 	 130
477.337891,	 ff980010, 	 16
477.770508,	 ff980042, 	 66
478.691406,	 ff980142, 	 322
478.920898,	 ff980042, 	 66
481.604492,	 ff980010, 	 16
482.220703,	 ff980002, 	 2
483.392578,	 ff980102, 	 258
483.599609,	 ff980002, 	 2
485.920898,	 ff980010, 	 16
486.704102,	 ff980082, 	 130
488.187500,	 ff980182, 	 386
488.404297,	 ff980082, 	 130
490.120117,	 ff980010, 	 16
490.553711,	 ff980042, 	 66
491.967773,	 ff980142, 	 322
492.175781,	 ff980042, 	 66
494.386719,	 ff980010, 	 16
495.170898,	 ff980082, 	 130
496.697266,	 ff980182, 	 386
498.603516,	 ff980010, 	 16
499.037109,	 ff980042, 	 66
500.534180,	 ff980142, 	 322
500.753906,	 ff980042, 	 66
501.136719,	 ff980020, 	 32
504.443359,	 ff980420, 	 1056
504.610352,	 ff980020, 	 32
506.370117,	 ff980010, 	 16
507.153320,	 ff980081, 	 129
508.060547,	 ff980281, 	 641
508.223633,	 ff980081, 	 129
510.570312,	 ff980010, 	 16
511.353516,	 ff980082, 	 130
512.440430,	 ff980182, 	 386
512.668945,	 ff980082, 	 130
514.769531,	 ff980010, 	 16
515.553711,	 ff980081, 	 129
516.147461,	 ff980281, 	 641
516.421875,	 ff980081, 	 129
518.986328,	 ff980010, 	 16
519.769531,	 ff980081, 	 129
520.697266,	 ff980281, 	 641
520.921875,	 ff980081, 	 129
523.269531,	 ff980010, 	 16
523.886719,	 ff980002, 	 2
524.571289,	 ff980102, 	 258
524.767578,	 ff980002, 	 2
527.502930,	 ff980010, 	 16
528.119141,	 ff980002, 	 2
529.175781,	 ff980102, 	 258
529.372070,	 ff980002, 	 2
531.686523,	 ff980010, 	 16
532.469727,	 ff980082, 	 130
533.883789,	 ff980182, 	 386
534.121094,	 ff980082, 	 130
536.002930,	 ff980010, 	 16
536.619141,	 ff980004, 	 4
538.187500,	 ff980204, 	 516
538.361328,	 ff980004, 	 4
540.219727,	 ff980010, 	 16
540.652344,	 ff980041, 	 65
541.539062,	 ff980241, 	 577
541.767578,	 ff980041, 	 65
544.519531,	 ff980010, 	 16
544.952148,	 ff980042, 	 66
545.854492,	 ff980142, 	 322
546.054688,	 ff980042, 	 66
548.869141,	 ff980010, 	 16
549.485352,	 ff980001, 	 1
551.710938,	 ff980200, 	 512
553.052734,	 ff980010, 	 16
553.668945,	 ff980001, 	 1
555.533203,	 ff980201, 	 513
555.569336,	 ff980200, 	 512
557.251953,	 ff980010, 	 16
557.869141,	 ff980001, 	 1
559.570312,	 ff980201, 	 513
559.752930,	 ff980001, 	 1
561.501953,	 ff980010, 	 16
562.285156,	 ff980082, 	 130
563.617188,	 ff980182, 	 386
563.845703,	 ff980082, 	 130
565.718750,	 ff980010, 	 16
566.334961,	 ff980002, 	 2
567.988281,	 ff980102, 	 258
568.211914,	 ff980002, 	 2
568.251953,	 ff980020, 	 32
574.666992,	 ff980420, 	 1056
574.806641,	 ff980020, 	 32
576.535156,	 ff980010, 	 16
577.151367,	 ff980002, 	 2
578.229492,	 ff980102, 	 258
578.422852,	 ff980002, 	 2
580.718750,	 ff980010, 	 16
581.334961,	 ff980002, 	 2
582.505859,	 ff980102, 	 258
582.744141,	 ff980002, 	 2
585.084961,	 ff980010, 	 16
585.868164,	 ff980081, 	 129
587.082031,	 ff980281, 	 641
587.355469,	 ff980081, 	 129
589.268555,	 ff980010, 	 16
589.884766,	 ff980008, 	 8
591.455078,	 ff980108, 	 264
591.675781,	 ff980008, 	 8
593.535156,	 ff980010, 	 16
594.318359,	 ff980081, 	 129
595.405273,	 ff980281, 	 641
595.662109,	 ff980081, 	 129
597.784180,	 ff980010, 	 16
598.217773,	 ff980042, 	 66
599.472656,	 ff980142, 	 322
599.707031,	 ff980042, 	 66
601.984375,	 ff980010, 	 16
602.767578,	 ff980082, 	 130
603.761719,	 ff980182, 	 386
603.974609,	 ff980082, 	 130
606.167969,	 ff980010, 	 16
606.784180,	 ff980002, 	 2
607.774414,	 ff980102, 	 258
607.995117,	 ff980002, 	 2
610.401367,	 ff980010, 	 16
611.184570,	 ff980082, 	 130
612.033203,	 ff980182, 	 386
612.234375,	 ff980082, 	 130
614.617188,	 ff980010, 	 16
615.050781,	 ff980041, 	 65
616.559570,	 ff980241, 	 577
616.805664,	 ff980041, 	 65
618.967773,	 ff980010, 	 16
619.400391,	 ff980042, 	 66
620.382812,	 ff980142, 	 322
620.600586,	 ff980042, 	 66
623.267578,	 ff980010, 	 16
623.883789,	 ff980001, 	 1
624.489258,	 ff980201, 	 513
624.732422,	 ff980001, 	 1
627.583984,	 ff980010, 	 16
628.017578,	 ff980041, 	 65
628.758789,	 ff980241, 	 577
628.992188,	 ff980041, 	 65
631.900391,	 ff980010, 	 16
632.517578,	 ff980008, 	 8
632.970703,	 ff980208, 	 520
633.193359,	 ff980008, 	 8
636.100586,	 ff980010, 	 16
636.534180,	 ff980042, 	 66
637.685547,	 ff980142, 	 322
637.894531,	 ff980042, 	 66
638.633789,	 ff980020, 	 32
643.122070,	 ff980420, 	 1056
643.295898,	 ff980020, 	 32
645.033203,	 ff980010, 	 16
645.816406,	 ff980081, 	 129
647.282227,	 ff980281, 	 641
647.450195,	 ff980081, 	 129
649.366211,	 ff980010, 	 16
650.150391,	 ff980081, 	 129
651.632812,	 ff980281, 	 641
651.832031,	 ff980081, 	 129
653.700195,	 ff980010, 	 16
654.316406,	 ff980001, 	 1
655.644531,	 ff980201, 	 513
655.875000,	 ff980001, 	 1
657.916016,	 ff980010, 	 16
658.349609,	 ff980041, 	 65
660.170898,	 ff980241, 	 577
660.382812,	 ff980041, 	 65
662.233398,	 ff980010, 	 16
663.016602,	 ff980081, 	 129
664.746094,	 ff980281, 	 641
664.750000,	 ff980200, 	 512
666.516602,	 ff980010, 	 16
666.949219,	 ff980042, 	 66
668.573242,	 ff980142, 	 322
668.784180,	 ff980042, 	 66
670.732422,	 ff980010, 	 16
671.516602,	 ff980081, 	 129
672.991211,	 ff980281, 	 641
673.176758,	 ff980081, 	 129
675.099609,	 ff980010, 	 16
675.715820,	 ff980002, 	 2
677.039062,	 ff980102, 	 258
677.260742,	 ff980002, 	 2
679.349609,	 ff980010, 	 16
679.782227,	 ff980042, 	 66
681.491211,	 ff980142, 	 322
681.713867,	 ff980042, 	 66
683.616211,	 ff980010, 	 16
684.232422,	 ff980001, 	 1
685.778320,	 ff980201, 	 513
686.033203,	 ff980001, 	 1
687.815430,	 ff980010, 	 16
688.598633,	 ff980081, 	 129
690.034180,	 ff980281, 	 641
690.294922,	 ff980081, 	 129
692.166016,	 ff980010, 	 16
692.598633,	 ff980041, 	 65
693.776367,	 ff980241, 	 577
694.002930,	 ff980041, 	 65
696.515625,	 ff980010, 	 16
696.949219,	 ff980042, 	 66
697.866211,	 ff980142, 	 322
698.094727,	 ff980042, 	 66
700.865234,	 ff980010, 	 16
701.298828,	 ff980042, 	 66
702.751953,	 ff980142, 	 322
702.998047,	 ff980042, 	 66
705.215820,	 ff980010, 	 16
705.832031,	 ff980008, 	 8
707.645508,	 ff980108, 	 264
707.732422,	 ff980100, 	 256
707.749023,	 ff980120, 	 288
707.868164,	 ff980020, 	 32
711.426758,	 ff980420, 	 1056
711.576172,	 ff980020, 	 32
713.415039,	 ff980010, 	 16
713.848633,	 ff980042, 	 66
715.284180,	 ff980142, 	 322
715.532227,	 ff980042, 	 66
717.748047,	 ff980010, 	 16
718.181641,	 ff980042, 	 66
719.670898,	 ff980142, 	 322
719.882812,	 ff980042, 	 66
721.948242,	 ff980010, 	 16
722.381836,	 ff980041, 	 65
723.168945,	 ff980241, 	 577
723.385742,	 ff980041, 	 65
726.148438,	 ff980010, 	 16
726.931641,	 ff980082, 	 130
728.277344,	 ff980182, 	 386
728.482422,	 ff980082, 	 130
730.431641,	 ff980010, 	 16
731.047852,	 ff980001, 	 1
732.077148,	 ff980201, 	 513
732.296875,	 ff980001, 	 1
734.665039,	 ff980010, 	 16
735.448242,	 ff980081, 	 129
736.657227,	 ff980281, 	 641
736.917969,	 ff980081, 	 129
738.864258,	 ff980010, 	 16
739.481445,	 ff980002, 	 2
740.621094,	 ff980102, 	 258
740.808594,	 ff980002, 	 2
743.147461,	 ff980010, 	 16
743.581055,	 ff980042, 	 66
745.421875,	 ff980142, 	 322
745.665039,	 ff980100, 	 256
747.514648,	 ff980010, 	 16
748.130859,	 ff980002, 	 2
749.394531,	 ff980102, 	 258
749.649414,	 ff980002, 	 2
751.814453,	 ff980010, 	 16
752.597656,	 ff980081, 	 129
753.791016,	 ff980281, 	 641
754.038086,	 ff980081, 	 129
756.013672,	 ff980010, 	 16
756.797852,	 ff980082, 	 130
757.618164,	 ff980182, 	 386
757.897461,	 ff980082, 	 130
760.347656,	 ff980010, 	 16
760.780273,	 ff980041, 	 65
762.107422,	 ff980241, 	 577
762.319336,	 ff980041, 	 65
764.614258,	 ff980010, 	 16
765.046875,	 ff980041, 	 65
767.096680,	 ff980241, 	 577
767.130859,	 ff980200, 	 512
768.947266,	 ff980010, 	 16
769.380859,	 ff980041, 	 65
770.613281,	 ff980241, 	 577
770.826172,	 ff980041, 	 65
773.280273,	 ff980010, 	 16
773.897461,	 ff980001, 	 1
774.991211,	 ff980201, 	 513
775.230469,	 ff980001, 	 1
775.813477,	 ff980020, 	 32
777.114258,	 ff980420, 	 1056
777.293945,	 ff980020, 	 32
779.129883,	 ff980010, 	 16
779.563477,	 ff980041, 	 65
780.922852,	 ff980241, 	 577
781.159180,	 ff980041, 	 65
783.346680,	 ff980010, 	 16
783.963867,	 ff980001, 	 1
785.945312,	 ff980200, 	 512
787.596680,	 ff980010, 	 16
788.213867,	 ff980001, 	 1
790.196289,	 ff980200, 	 512
791.929688,	 ff980010, 	 16
792.546875,	 ff980002, 	 2
794.583008,	 ff980100, 	 256
796.212891,	 ff980010, 	 16
796.830078,	 ff980001, 	 1
797.891602,	 ff980201, 	 513
798.141602,	 ff980001, 	 1
800.496094,	 ff980010, 	 16
801.113281,	 ff980001, 	 1
802.734375,	 ff980201, 	 513
802.983398,	 ff980001, 	 1
804.795898,	 ff980010, 	 16
805.413086,	 ff980001, 	 1
806.589844,	 ff980201, 	 513
806.853516,	 ff980001, 	 1
808.996094,	 ff980010, 	 16
809.613281,	 ff980002, 	 2
811.474609,	 ff980102, 	 258
811.513672,	 ff980100, 	 256
813.312500,	 ff980010, 	 16
814.095703,	 ff980082, 	 130
815.287109,	 ff980182, 	 386
815.533203,	 ff980082, 	 130
817.529297,	 ff980010, 	 16
818.312500,	 ff980082, 	 130
819.573242,	 ff980182, 	 386
819.840820,	 ff980082, 	 130
821.878906,	 ff980010, 	 16
822.312500,	 ff980041, 	 65
823.389648,	 ff980241, 	 577
823.619141,	 ff980041, 	 65
826.178711,	 ff980010, 	 16
826.795898,	 ff980001, 	 1
827.854492,	 ff980201, 	 513
828.071289,	 ff980001, 	 1
830.395508,	 ff980010, 	 16
830.829102,	 ff980042, 	 66
832.791016,	 ff980142, 	 322
832.913086,	 ff980100, 	 256
834.695312,	 ff980010, 	 16
835.478516,	 ff980082, 	 130
836.847656,	 ff980182, 	 386
837.127930,	 ff980082, 	 130
838.961914,	 ff980010, 	 16
839.579102,	 ff980002, 	 2
841.076172,	 ff980102, 	 258
841.303711,	 ff980002, 	 2
841.495117,	 ff980020, 	 32
847.107422,	 ff980420, 	 1056
847.283203,	 ff980020, 	 32
848.995117,	 ff980010, 	 16
849.778320,	 ff980081, 	 129
850.841797,	 ff980281, 	 641
851.044922,	 ff980081, 	 129
853.294922,	 ff980010, 	 16
854.078125,	 ff980082, 	 130
855.125000,	 ff980182, 	 386
855.366211,	 ff980082, 	 130
857.511719,	 ff980010, 	 16
858.127930,	 ff980001, 	 1
859.113281,	 ff980201, 	 513
859.352539,	 ff980001, 	 1
861.695312,	 ff980010, 	 16
862.127930,	 ff980041, 	 65
863.652344,	 ff980241, 	 577
863.809570,	 ff980041, 	 65
866.044922,	 ff980010, 	 16
866.478516,	 ff980042, 	 66
867.746094,	 ff980142, 	 322
867.992188,	 ff980042, 	 66
870.278320,	 ff980010, 	 16
871.061523,	 ff980081, 	 129
872.195312,	 ff980281, 	 641
872.413086,	 ff980081, 	 129
874.477539,	 ff980010, 	 16
875.094727,	 ff980002, 	 2
876.699219,	 ff980102, 	 258
876.965820,	 ff980002, 	 2
878.710938,	 ff980010, 	 16
879.144531,	 ff980042, 	 66
881.089844,	 ff980142, 	 322
881.228516,	 ff980100, 	 256
882.927734,	 ff980010, 	 16
883.361328,	 ff980041, 	 65
884.419922,	 ff980241, 	 577
884.566406,	 ff980041, 	 65
887.111328,	 ff980010, 	 16
887.894531,	 ff980082, 	 130
889.093750,	 ff980182, 	 386
889.243164,	 ff980082, 	 130
891.411133,	 ff980010, 	 16
892.027344,	 ff980001, 	 1
892.654297,	 ff980201, 	 513
892.847656,	 ff980001, 	 1
895.593750,	 ff980010, 	 16
896.377930,	 ff980082, 	 130
897.599609,	 ff980182, 	 386
897.759766,	 ff980082, 	 130
899.843750,	 ff980010, 	 16
900.277344,	 ff980041, 	 65
901.465820,	 ff980241, 	 577
901.641602,	 ff980041, 	 65
904.176758,	 ff980010, 	 16
904.611328,	 ff980041, 	 65
905.874023,	 ff980241, 	 577
906.032227,	 ff980041, 	 65
908.460938,	 ff980010, 	 16
909.077148,	 ff980002, 	 2
910.266602,	 ff980102, 	 258
910.393555,	 ff980002, 	 2
910.994141,	 ff980020, 	 32
915.430664,	 ff980420, 	 1056
915.611328,	 ff980020, 	 32
917.293945,	 ff980010, 	 16
918.077148,	 ff980082, 	 130
919.083984,	 ff980182, 	 386
919.236328,	 ff980082, 	 130
921.626953,	 ff980010, 	 16
922.060547,	 ff980041, 	 65
923.165039,	 ff980241, 	 577
923.320312,	 ff980041, 	 65
925.893555,	 ff980010, 	 16
926.327148,	 ff980042, 	 66
927.449219,	 ff980142, 	 322
927.573242,	 ff980042, 	 66
930.126953,	 ff980010, 	 16
930.743164,	 ff980002, 	 2
932.087891,	 ff980102, 	 258
932.215820,	 ff980002, 	 2
934.326172,	 ff980010, 	 16
